INFO: [VRFC 10-2263] Analyzing Verilog file "C:/Users/skakkar1/ALU/ALU.srcs/sources_1/new/testbench.v" into library xil_defaultlib
INFO: [VRFC 10-311] analyzing module testbench
INFO: [VRFC 10-2263] Analyzing Verilog file "C:/Users/skakkar1/ALU/ALU.srcs/sources_1/new/alu_new.v" into library xil_defaultlib
INFO: [VRFC 10-311] analyzing module ALU
ERROR: [VRFC 10-1280] procedural assignment to a non-register out is not permitted, left-hand side should be reg/integer/time/genvar [C:/Users/skakkar1/ALU/ALU.srcs/sources_1/new/alu_new.v:40]
ERROR: [VRFC 10-1280] procedural assignment to a non-register out is not permitted, left-hand side should be reg/integer/time/genvar [C:/Users/skakkar1/ALU/ALU.srcs/sources_1/new/alu_new.v:40]
ERROR: [VRFC 10-1280] procedural assignment to a non-register out is not permitted, left-hand side should be reg/integer/time/genvar [C:/Users/skakkar1/ALU/ALU.srcs/sources_1/new/alu_new.v:42]
ERROR: [VRFC 10-1280] procedural assignment to a non-register out is not permitted, left-hand side should be reg/integer/time/genvar [C:/Users/skakkar1/ALU/ALU.srcs/sources_1/new/alu_new.v:42]
ERROR: [VRFC 10-1280] procedural assignment to a non-register out is not permitted, left-hand side should be reg/integer/time/genvar [C:/Users/skakkar1/ALU/ALU.srcs/sources_1/new/alu_new.v:44]
ERROR: [VRFC 10-1280] procedural assignment to a non-register out is not permitted, left-hand side should be reg/integer/time/genvar [C:/Users/skakkar1/ALU/ALU.srcs/sources_1/new/alu_new.v:44]
ERROR: [VRFC 10-1280] procedural assignment to a non-register out is not permitted, left-hand side should be reg/integer/time/genvar [C:/Users/skakkar1/ALU/ALU.srcs/sources_1/new/alu_new.v:46]
ERROR: [VRFC 10-1280] procedural assignment to a non-register out is not permitted, left-hand side should be reg/integer/time/genvar [C:/Users/skakkar1/ALU/ALU.srcs/sources_1/new/alu_new.v:46]
ERROR: [VRFC 10-1280] procedural assignment to a non-register out is not permitted, left-hand side should be reg/integer/time/genvar [C:/Users/skakkar1/ALU/ALU.srcs/sources_1/new/alu_new.v:48]
ERROR: [VRFC 10-1280] procedural assignment to a non-register out is not permitted, left-hand side should be reg/integer/time/genvar [C:/Users/skakkar1/ALU/ALU.srcs/sources_1/new/alu_new.v:48]
ERROR: [VRFC 10-1280] procedural assignment to a non-register zero is not permitted, left-hand side should be reg/integer/time/genvar [C:/Users/skakkar1/ALU/ALU.srcs/sources_1/new/alu_new.v:51]
ERROR: [VRFC 10-1280] procedural assignment to a non-register zero is not permitted, left-hand side should be reg/integer/time/genvar [C:/Users/skakkar1/ALU/ALU.srcs/sources_1/new/alu_new.v:51]
ERROR: [VRFC 10-1280] procedural assignment to a non-register neg is not permitted, left-hand side should be reg/integer/time/genvar [C:/Users/skakkar1/ALU/ALU.srcs/sources_1/new/alu_new.v:54]
ERROR: [VRFC 10-1280] procedural assignment to a non-register neg is not permitted, left-hand side should be reg/integer/time/genvar [C:/Users/skakkar1/ALU/ALU.srcs/sources_1/new/alu_new.v:54]
ERROR: [VRFC 10-1280] procedural assignment to a non-register neg is not permitted, left-hand side should be reg/integer/time/genvar [C:/Users/skakkar1/ALU/ALU.srcs/sources_1/new/alu_new.v:56]
ERROR: [VRFC 10-1280] procedural assignment to a non-register neg is not permitted, left-hand side should be reg/integer/time/genvar [C:/Users/skakkar1/ALU/ALU.srcs/sources_1/new/alu_new.v:56]
ERROR: [VRFC 10-1040] module ALU ignored due to previous errors [C:/Users/skakkar1/ALU/ALU.srcs/sources_1/new/alu_new.v:23]
